0 info it worked if it ends with ok
1 verbose cli [ 'C:\\Program Files\\nodejs\\node.exe',
1 verbose cli   'C:\\Program Files\\nodejs\\node_modules\\npm\\bin\\npm-cli.js',
1 verbose cli   'publish' ]
2 info using npm@3.10.10
3 info using node@v7.2.1
4 verbose publish [ '.' ]
5 silly cache add args [ '.', null ]
6 verbose cache add spec .
7 silly cache add parsed spec Result {
7 silly cache add   raw: '.',
7 silly cache add   scope: null,
7 silly cache add   escapedName: null,
7 silly cache add   name: null,
7 silly cache add   rawSpec: '.',
7 silly cache add   spec: 'C:\\dev\\rn\\naive\\rn-naive',
7 silly cache add   type: 'directory' }
8 verbose addLocalDirectory C:\Users\leekw\AppData\Roaming\npm-cache\rn-naive\0.5.10\package.tgz not in flight; packing
9 verbose correctMkdir C:\Users\leekw\AppData\Roaming\npm-cache correctMkdir not in flight; initializing
10 info lifecycle rn-naive@0.5.10~prepublish: rn-naive@0.5.10
11 silly lifecycle rn-naive@0.5.10~prepublish: no script for prepublish, continuing
12 verbose tar pack [ 'C:\\Users\\leekw\\AppData\\Roaming\\npm-cache\\rn-naive\\0.5.10\\package.tgz',
12 verbose tar pack   'C:\\dev\\rn\\naive\\rn-naive' ]
13 verbose tarball C:\Users\leekw\AppData\Roaming\npm-cache\rn-naive\0.5.10\package.tgz
14 verbose folder C:\dev\rn\naive\rn-naive
15 verbose addLocalTarball adding from inside cache C:\Users\leekw\AppData\Roaming\npm-cache\rn-naive\0.5.10\package.tgz
16 verbose correctMkdir C:\Users\leekw\AppData\Roaming\npm-cache correctMkdir not in flight; initializing
17 silly cache afterAdd rn-naive@0.5.10
18 verbose afterAdd C:\Users\leekw\AppData\Roaming\npm-cache\rn-naive\0.5.10\package\package.json not in flight; writing
19 verbose correctMkdir C:\Users\leekw\AppData\Roaming\npm-cache correctMkdir not in flight; initializing
20 verbose afterAdd C:\Users\leekw\AppData\Roaming\npm-cache\rn-naive\0.5.10\package\package.json written
21 silly publish { name: 'rn-naive',
21 silly publish   version: '0.5.10',
21 silly publish   description: 'naive components for React-Native',
21 silly publish   main: 'src/index.js',
21 silly publish   scripts: { test: 'echo "Error: no test specified" && exit 1' },
21 silly publish   author: { name: 'Flywing Developers' },
21 silly publish   license: 'ISC',
21 silly publish   readme: '![](asset/logo.png "naive logo")\r\n\r\nComponent Library\r\n\r\n"Too Simple, Sometimes Naive ... UI gonna be"\r\n\r\nA react-<b>NA</b>t<b>IVE</b> component library for simple User Interface development\r\n\r\n\r\nInstallation\r\n------------\r\n      npm install rn-naive --save\r\n\r\n\r\nnaive library expects several packages/components installed. Follow this instruction to [install Related packages](/doc/setup.md)\r\n\r\n\r\nUsage\r\n-----\r\n\r\nStart using the components.\r\n\r\n~~~javascript\r\nimport React from \'react\'\r\nimport { Button } from \'rn-naive\'\r\n\r\nexport default class app extends React.Component {\r\n  render() {\r\n    return(\r\n      <screen lines={24}>\r\n        <Button\r\n          icon=\'logo-android\'\r\n          value=\'Android\'\r\n          style={{flex:1}}\r\n          disabled={(this.state.Disabled)}\r\n          onValueChange={(OS)=>this.setState({OS})}\r\n        />\r\n      </Screen>\r\n      )\r\n    }\r\n  }\r\n~~~\r\n\r\nComponents\r\n----------\r\n\r\n\r\n**Layout Elements**\r\n- Screen\r\n- Bar\r\n- Block\r\n- DataBar\r\n- DataBlock\r\n\r\n**Visual Elements**\r\n- Icon\r\n- IconList\r\n- Text\r\n- Button\r\n- ButtonList\r\n- ButtonPanel\r\n- Roll\r\n- CheckBox\r\n- RadioBox\r\n- ImageSlider\r\n\r\n**Input Elements**\r\n- Input\r\n- NumberInput\r\n- DateSelect\r\n- ItemSelect\r\n\r\n**Non-visual Elements**\r\n- MOM - Save static data in mobile\'s memory\r\n- LANG - text language translation\r\n- Device - retreieve device information\r\n\r\nAbout the Author\r\n----------------\r\nI am a flywinger from Flywing Developers.\r\n\r\n![](asset/author.png)\r\n',
21 silly publish   readmeFilename: 'README.md',
21 silly publish   gitHead: '9ad93c041efa3029119070326e0afed83b5d9f17',
21 silly publish   _id: 'rn-naive@0.5.10',
21 silly publish   _shasum: '639f3a97e3bb4f7ae4d300f752d5476f0651aa5a',
21 silly publish   _from: '.' }
22 verbose getPublishConfig undefined
23 silly mapToRegistry name rn-naive
24 silly mapToRegistry using default registry
25 silly mapToRegistry registry https://registry.npmjs.org/
26 silly mapToRegistry data Result {
26 silly mapToRegistry   raw: 'rn-naive',
26 silly mapToRegistry   scope: null,
26 silly mapToRegistry   escapedName: 'rn-naive',
26 silly mapToRegistry   name: 'rn-naive',
26 silly mapToRegistry   rawSpec: '',
26 silly mapToRegistry   spec: 'latest',
26 silly mapToRegistry   type: 'tag' }
27 silly mapToRegistry uri https://registry.npmjs.org/rn-naive
28 verbose publish registryBase https://registry.npmjs.org/
29 silly publish uploading C:\Users\leekw\AppData\Roaming\npm-cache\rn-naive\0.5.10\package.tgz
30 verbose request uri https://registry.npmjs.org/rn-naive
31 verbose request sending authorization for write operation
32 info attempt registry request try #1 at 17:46:51
33 verbose request using bearer token for auth
34 verbose request id ca76d96ee96cf656
35 http request PUT https://registry.npmjs.org/rn-naive
36 http 403 https://registry.npmjs.org/rn-naive
37 verbose headers { 'content-type': 'application/json',
37 verbose headers   'cache-control': 'max-age=300',
37 verbose headers   'content-length': '92',
37 verbose headers   'accept-ranges': 'bytes',
37 verbose headers   date: 'Wed, 18 Oct 2017 09:46:53 GMT',
37 verbose headers   via: '1.1 varnish',
37 verbose headers   connection: 'keep-alive',
37 verbose headers   'x-served-by': 'cache-sjc3147-SJC',
37 verbose headers   'x-cache': 'MISS',
37 verbose headers   'x-cache-hits': '0',
37 verbose headers   'x-timer': 'S1508320013.816923,VS0,VE519',
37 verbose headers   vary: 'Accept-Encoding, Accept' }
38 verbose request invalidating C:\Users\leekw\AppData\Roaming\npm-cache\registry.npmjs.org\rn-naive on PUT
39 error publish Failed PUT 403
40 verbose stack Error: You cannot publish over the previously published version 0.5.10. : rn-naive
40 verbose stack     at makeError (C:\Program Files\nodejs\node_modules\npm\node_modules\npm-registry-client\lib\request.js:302:12)
40 verbose stack     at CachingRegistryClient.<anonymous> (C:\Program Files\nodejs\node_modules\npm\node_modules\npm-registry-client\lib\request.js:290:14)
40 verbose stack     at Request._callback (C:\Program Files\nodejs\node_modules\npm\node_modules\npm-registry-client\lib\request.js:210:14)
40 verbose stack     at Request.self.callback (C:\Program Files\nodejs\node_modules\npm\node_modules\request\request.js:187:22)
40 verbose stack     at emitTwo (events.js:106:13)
40 verbose stack     at Request.emit (events.js:191:7)
40 verbose stack     at Request.<anonymous> (C:\Program Files\nodejs\node_modules\npm\node_modules\request\request.js:1048:10)
40 verbose stack     at emitOne (events.js:96:13)
40 verbose stack     at Request.emit (events.js:188:7)
40 verbose stack     at IncomingMessage.<anonymous> (C:\Program Files\nodejs\node_modules\npm\node_modules\request\request.js:969:12)
41 verbose statusCode 403
42 verbose pkgid rn-naive
43 verbose cwd C:\dev\rn\naive\rn-naive
44 error Windows_NT 10.0.10586
45 error argv "C:\\Program Files\\nodejs\\node.exe" "C:\\Program Files\\nodejs\\node_modules\\npm\\bin\\npm-cli.js" "publish"
46 error node v7.2.1
47 error npm  v3.10.10
48 error code E403
49 error You cannot publish over the previously published version 0.5.10. : rn-naive
50 error If you need help, you may report this error at:
50 error     <https://github.com/npm/npm/issues>
51 verbose exit [ 1, true ]
